<?xml version="1.0" encoding="UTF-8"?>
<!-- Generated by org.testng.reporters.JUnitReportReporter -->
<testsuite hostname="DESKTOP-PJ54IR5" failures="0" tests="1" name="TestNG.Demo" time="0.064" errors="0" timestamp="2023-12-21T08:07:05 IST" skipped="0">
  <testcase classname="TestNG.Demo" name="test" time="0.064"/>
</testsuite> <!-- TestNG.Demo -->
