<?xml version="1.0" encoding="UTF-8"?>
<!-- Generated by org.testng.reporters.JUnitReportReporter -->
<testsuite hostname="DESKTOP-PJ54IR5" failures="0" tests="1" name="TestNG.Demo1" time="0.016" errors="0" timestamp="2023-12-28T08:07:29 IST" skipped="0">
  <testcase classname="TestNG.Demo1" name="test" time="0.016"/>
</testsuite> <!-- TestNG.Demo1 -->
