<?xml version="1.0" encoding="UTF-8"?>
<!-- Generated by org.testng.reporters.JUnitReportReporter -->
<testsuite hostname="DESKTOP-PJ54IR5" failures="0" tests="1" name="Assertions.Hard_Assertions" time="0.019" errors="0" timestamp="2024-01-12T07:58:09 IST" skipped="0">
  <testcase classname="Assertions.Hard_Assertions" name="HardAssertions" time="0.019"/>
</testsuite> <!-- Assertions.Hard_Assertions -->
